<?xml version="1.0" encoding="UTF-8"?>
<testsuite name="tests.OpenHomePageTest" tests="1" skipped="0" failures="0" errors="0" timestamp="2020-10-28T22:11:28" hostname="c0dexter-HP-EliteBook-8540w" time="1.993">
  <properties/>
  <testcase name="openHomePage" classname="tests.OpenHomePageTest" time="1.993"/>
  <system-out><![CDATA[[INFO ] 2020-10-28 23:11:29.799 [Test worker] page.objects.LandingPage - Clicked on the header logo
[INFO ] 2020-10-28 23:11:29.888 [Test worker] generic.assertions.AssertWebElement - Checking if element is displayed
[INFO ] 2020-10-28 23:11:30.021 [Test worker] generic.assertions.AssertWebElement - WebElement was displayed!
]]></system-out>
  <system-err><![CDATA[]]></system-err>
</testsuite>
