<?xml version="1.0" encoding="UTF-8"?>
<testsuite name="tests.OpenHomePageTest" tests="1" skipped="0" failures="0" errors="0" timestamp="2020-10-28T22:00:54" hostname="c0dexter-HP-EliteBook-8540w" time="2.671">
  <properties/>
  <testcase name="openHomePage" classname="tests.OpenHomePageTest" time="2.671"/>
  <system-out><![CDATA[[INFO ] 2020-10-28 23:00:57.404 [Test worker] page.objects.LandingPage - Clicked on the header logo
[INFO ] 2020-10-28 23:00:57.484 [Test worker] generic.assertions.AssertWebElement - Checking if element is displayed
[INFO ] 2020-10-28 23:00:57.607 [Test worker] generic.assertions.AssertWebElement - WebElement was displayed!
]]></system-out>
  <system-err><![CDATA[]]></system-err>
</testsuite>
